<?xml version="1.0" encoding="UTF-8"?>
<testsuite name="net.bytebuddy.build.gradle.transform.GradleTypeTransformerTest" tests="1" skipped="0" failures="0" errors="0" timestamp="2020-10-08T04:43:57" hostname="chenchendeMacBook-Pro.local" time="0.047">
  <properties/>
  <testcase name="testJarTransformation" classname="net.bytebuddy.build.gradle.transform.GradleTypeTransformerTest" time="0.047"/>
  <system-out><![CDATA[]]></system-out>
  <system-err><![CDATA[]]></system-err>
</testsuite>
